<?xml version="1.0" encoding="UTF-8"?>
<!-- Generated by org.testng.reporters.JUnitXMLReporter -->
<testsuite ignored="0" hostname="WINDOWS-PV3LDU9" failures="0" tests="3" name="selenium_grid" time="17.879" errors="0" timestamp="2024-10-15T18:33:10 EDT">
  <testcase classname="automation_test.parallel.AmortizedLoanPgObjParrelTest" name="verifyAmortizedLoan" time="6.065"/>
  <testcase classname="automation_test.parallel.MortgageCalculatorPgObjBaseClassParrelTest" name="verifyMortgagePage" time="7.418"/>
  <testcase classname="automation_test.parallel.AmortizedLoanPgObjBaseClassParrelTest" name="verifyAmortizedLoan" time="9.13"/>
</testsuite> <!-- selenium_grid -->
