<?xml version="1.0" encoding="UTF-8"?>
<testsuite xmlns:xsi="http://www.w3.org/2001/XMLSchema-instance" xsi:noNamespaceSchemaLocation="https://maven.apache.org/surefire/maven-surefire-plugin/xsd/surefire-test-report-3.0.xsd" version="3.0" name="TestSuite" time="19.4" tests="3" errors="0" skipped="0" failures="0">
  <properties>
[...]
</properties>
  <testcase name="verifyAmortizedLoan" classname="automation_test.parallel.AmortizedLoanPgObjParrelTest" time="6.063">
    <system-out><![CDATA[18:33:00.061 [TestNG-test-selenium_grid-3] INFO  automation_test.parallel.AmortizedLoanPgObjParrelTest - ------Test: automation_test.parallel.AmortizedLoanPgObjParrelTest-----------
18:33:00.061 [TestNG-test-selenium_grid-1] INFO  automation_test.parallel.MortgageCalculatorPgObjBaseClassParrelTest - ------Test: automation_test.parallel.MortgageCalculatorPgObjBaseClassParrelTest-----------
18:33:00.110 [TestNG-test-selenium_grid-2] INFO  automation_test.parallel.AmortizedLoanPgObjBaseClassParrelTest - ------Test: automation_test.parallel.AmortizedLoanPgObjBaseClassParrelTest-----------
]]></system-out>
    <system-err><![CDATA[SLF4J(W): No SLF4J providers were found.
SLF4J(W): Defaulting to no-operation (NOP) logger implementation
SLF4J(W): See https://www.slf4j.org/codes.html#noProviders for further details.
Oct 15, 2024 6:32:59 PM org.openqa.selenium.devtools.CdpVersionFinder findNearestMatch
WARNING: Unable to find CDP implementation matching 129
Oct 15, 2024 6:32:59 PM org.openqa.selenium.chromium.ChromiumDriver lambda$new$5
WARNING: Unable to find version of CDP to use for 129.0.6668.101. You may need to include a dependency on a specific version of the CDP using something similar to `org.seleniumhq.selenium:selenium-devtools-v86:4.17.0` where the version ("v86") matches the version of the chromium-based browser you're using and the version number of the artifact is the same as Selenium's.
Oct 15, 2024 6:33:00 PM org.openqa.selenium.devtools.CdpVersionFinder findNearestMatch
WARNING: Unable to find CDP implementation matching 129
Oct 15, 2024 6:33:00 PM org.openqa.selenium.chromium.ChromiumDriver lambda$new$5
WARNING: Unable to find version of CDP to use for 129.0.6668.101. You may need to include a dependency on a specific version of the CDP using something similar to `org.seleniumhq.selenium:selenium-devtools-v86:4.17.0` where the version ("v86") matches the version of the chromium-based browser you're using and the version number of the artifact is the same as Selenium's.
Oct 15, 2024 6:33:00 PM org.openqa.selenium.devtools.CdpVersionFinder findNearestMatch
WARNING: Unable to find CDP implementation matching 129
Oct 15, 2024 6:33:00 PM org.openqa.selenium.chromium.ChromiumDriver lambda$new$5
WARNING: Unable to find version of CDP to use for 129.0.6668.101. You may need to include a dependency on a specific version of the CDP using something similar to `org.seleniumhq.selenium:selenium-devtools-v86:4.17.0` where the version ("v86") matches the version of the chromium-based browser you're using and the version number of the artifact is the same as Selenium's.
]]></system-err>
  </testcase>
  <testcase name="verifyMortgagePage" classname="automation_test.parallel.MortgageCalculatorPgObjBaseClassParrelTest" time="7.399"/>
  <testcase name="verifyAmortizedLoan" classname="automation_test.parallel.AmortizedLoanPgObjBaseClassParrelTest" time="9.111">
    <system-out><![CDATA[18:33:10.071 [TestNG-test-selenium_grid-1] INFO  automation_test.parallel.MortgageCalculatorPgObjBaseClassParrelTest - -------Test End: automation_test.parallel.MortgageCalculatorPgObjBaseClassParrelTest---------------
]]></system-out>
  </testcase>
</testsuite>